SF:lib\core\services\firestore_events_management.dart
DA:8,1
DA:10,1
DA:17,2
DA:20,1
DA:24,1
DA:25,1
DA:28,1
DA:32,3
DA:34,2
DA:39,1
DA:41,2
DA:44,1
DA:47,1
DA:48,1
DA:49,2
DA:50,1
DA:51,1
DA:53,1
DA:54,6
DA:55,1
DA:57,2
LF:21
LH:21
end_of_record
SF:lib\core\services\request_service_repository.dart
DA:6,1
DA:8,0
DA:9,0
DA:10,0
DA:11,0
DA:12,0
DA:13,0
DA:15,0
DA:20,0
DA:21,0
DA:22,0
DA:23,0
DA:24,0
DA:25,0
DA:26,0
DA:27,0
DA:28,0
DA:29,0
DA:30,0
DA:35,0
DA:36,0
DA:37,0
DA:38,0
DA:39,0
DA:40,0
DA:42,0
DA:43,0
DA:44,0
DA:45,0
DA:47,0
DA:50,0
DA:57,0
DA:64,0
DA:66,0
DA:69,0
DA:72,0
DA:73,0
DA:74,0
DA:75,0
DA:76,0
DA:77,0
DA:78,0
DA:79,0
DA:102,0
DA:103,0
DA:104,0
DA:105,0
DA:106,0
DA:107,0
DA:111,1
DA:112,5
DA:117,0
DA:118,0
DA:119,0
DA:120,0
DA:125,0
DA:126,0
DA:128,0
DA:131,0
DA:132,0
DA:133,0
DA:134,0
DA:135,0
DA:136,0
DA:137,0
DA:138,0
DA:141,0
DA:142,0
DA:143,0
DA:144,0
DA:145,0
DA:146,0
DA:148,0
DA:150,0
DA:153,0
DA:154,0
DA:155,0
DA:156,0
DA:158,0
DA:159,0
DA:160,0
DA:161,0
LF:82
LH:3
end_of_record
SF:lib\core\services\firebase_services_service.dart
DA:10,1
DA:13,0
DA:16,0
DA:17,0
DA:18,0
DA:19,0
DA:24,0
DA:25,0
DA:26,0
DA:30,0
DA:33,0
DA:34,0
DA:35,0
DA:36,0
DA:37,0
DA:39,0
DA:40,0
DA:41,0
DA:46,0
DA:47,0
DA:48,0
DA:52,1
DA:64,2
DA:67,1
DA:70,1
DA:81,3
DA:83,2
DA:87,0
DA:90,0
DA:93,0
DA:98,0
DA:100,0
DA:103,0
DA:110,0
DA:111,0
DA:112,0
DA:113,0
DA:114,0
DA:115,0
LF:39
LH:7
end_of_record
SF:lib\data\models\service.dart
DA:14,0
DA:26,0
DA:27,0
DA:28,0
DA:29,0
DA:30,0
DA:31,0
DA:32,0
DA:33,0
DA:34,0
DA:35,0
DA:36,0
DA:37,0
LF:13
LH:0
end_of_record
SF:lib\shared\widgets\toast.dart
DA:4,0
DA:5,0
LF:2
LH:0
end_of_record
